Using pre-set license
Built from '2021.2/staging' branch; Version is '2021.2.19f1 (602ecdbb2fb0) revision 6303437'; Using compiler version '192829333'; Build Type 'Release'
OS: 'Windows 10  (10.0.19041) 64bit Professional' Language: 'ja' Physical Memory: 32581 MB
BatchMode: 1, IsHumanControllingUs: 0, StartBugReporterOnCrash: 0, Is64bit: 1, IsPro: 1

COMMAND LINE ARGUMENTS:
C:\Program Files\Unity\Hub\Editor\2021.2.19f1\Editor\Unity.exe
-adb2
-batchMode
-noUpm
-name
AssetImportWorker0
-projectPath
C:/01_Develop/01_Unity/01_VFX/VFX-Template
-logFile
Logs/AssetImportWorker0.log
-srvPort
53352
Successfully changed project path to: C:/01_Develop/01_Unity/01_VFX/VFX-Template
C:/01_Develop/01_Unity/01_VFX/VFX-Template
[UnityMemory] Configuration Parameters - Can be set up in boot.config
    "memorysetup-bucket-allocator-granularity=16"
    "memorysetup-bucket-allocator-bucket-count=8"
    "memorysetup-bucket-allocator-block-size=33554432"
    "memorysetup-bucket-allocator-block-count=8"
    "memorysetup-main-allocator-block-size=16777216"
    "memorysetup-thread-allocator-block-size=16777216"
    "memorysetup-gfx-main-allocator-block-size=16777216"
    "memorysetup-gfx-thread-allocator-block-size=16777216"
    "memorysetup-cache-allocator-block-size=4194304"
    "memorysetup-typetree-allocator-block-size=2097152"
    "memorysetup-profiler-bucket-allocator-granularity=16"
    "memorysetup-profiler-bucket-allocator-bucket-count=8"
    "memorysetup-profiler-bucket-allocator-block-size=33554432"
    "memorysetup-profiler-bucket-allocator-block-count=8"
    "memorysetup-profiler-allocator-block-size=16777216"
    "memorysetup-profiler-editor-allocator-block-size=1048576"
    "memorysetup-temp-allocator-size-main=16777216"
    "memorysetup-job-temp-allocator-block-size=2097152"
    "memorysetup-job-temp-allocator-block-size-background=1048576"
    "memorysetup-job-temp-allocator-reduction-small-platforms=262144"
    "memorysetup-temp-allocator-size-background-worker=32768"
    "memorysetup-temp-allocator-size-job-worker=262144"
    "memorysetup-temp-allocator-size-preload-manager=33554432"
    "memorysetup-temp-allocator-size-nav-mesh-worker=65536"
    "memorysetup-temp-allocator-size-audio-worker=65536"
    "memorysetup-temp-allocator-size-cloud-worker=32768"
    "memorysetup-temp-allocator-size-gi-baking-worker=262144"
    "memorysetup-temp-allocator-size-gfx=262144"
Refreshing native plugins compatible for Editor in 78.92 ms, found 3 plugins.
Preloading 0 native plugins for Editor in 0.00 ms.
Initialize engine version: 2021.2.19f1 (602ecdbb2fb0)
[Subsystems] Discovering subsystems at path C:/Program Files/Unity/Hub/Editor/2021.2.19f1/Editor/Data/Resources/UnitySubsystems
[Subsystems] Discovering subsystems at path C:/01_Develop/01_Unity/01_VFX/VFX-Template/Assets
GfxDevice: creating device client; threaded=0; jobified=0
Direct3D:
    Version:  Direct3D 11.0 [level 11.1]
    Renderer: NVIDIA GeForce RTX 3050 (ID=0x2507)
    Vendor:   NVIDIA
    VRAM:     8070 MB
    Driver:   30.0.15.1215
Initialize mono
Mono path[0] = 'C:/Program Files/Unity/Hub/Editor/2021.2.19f1/Editor/Data/Managed'
Mono path[1] = 'C:/Program Files/Unity/Hub/Editor/2021.2.19f1/Editor/Data/MonoBleedingEdge/lib/mono/unityjit-win32'
Mono config path = 'C:/Program Files/Unity/Hub/Editor/2021.2.19f1/Editor/Data/MonoBleedingEdge/etc'
Using monoOptions --debugger-agent=transport=dt_socket,embedding=1,server=y,suspend=n,address=127.0.0.1:56480
Begin MonoManager ReloadAssembly
Registering precompiled unity dll's ...
Register platform support module: C:/Program Files/Unity/Hub/Editor/2021.2.19f1/Editor/Data/PlaybackEngines/WindowsStandaloneSupport/UnityEditor.WindowsStandalone.Extensions.dll
Registered in 0.002713 seconds.
Native extension for WindowsStandalone target not found
Refreshing native plugins compatible for Editor in 84.90 ms, found 3 plugins.
Preloading 0 native plugins for Editor in 0.00 ms.
Mono: successfully reloaded assembly
- Completed reload, in  0.434 seconds
Domain Reload Profiling:
	ReloadAssembly (434ms)
		BeginReloadAssembly (52ms)
			ExecutionOrderSort (0ms)
			DisableScriptedObjects (0ms)
			BackupInstance (0ms)
			ReleaseScriptingObjects (0ms)
			CreateAndSetChildDomain (0ms)
		EndReloadAssembly (313ms)
			LoadAssemblies (51ms)
			RebuildTransferFunctionScriptingTraits (0ms)
			SetupTypeCache (65ms)
			ReleaseScriptCaches (0ms)
			RebuildScriptCaches (16ms)
			SetupLoadedEditorAssemblies (195ms)
				LogAssemblyErrors (0ms)
				InitializePlatformSupportModulesInManaged (5ms)
				SetLoadedEditorAssemblies (0ms)
				RefreshPlugins (85ms)
				BeforeProcessingInitializeOnLoad (1ms)
				ProcessInitializeOnLoadAttributes (75ms)
				ProcessInitializeOnLoadMethodAttributes (28ms)
				AfterProcessingInitializeOnLoad (0ms)
				EditorAssembliesLoaded (0ms)
			ExecutionOrderSort2 (0ms)
			AwakeInstancesAfterBackupRestoration (0ms)
Platform modules already initialized, skipping
Registering precompiled user dll's ...
Registered in 0.003030 seconds.
Begin MonoManager ReloadAssembly
Symbol file LoadedFromMemory doesn't match image C:\01_Develop\01_Unity\01_VFX\VFX-Template\Library\PackageCache\com.unity.visualscripting@1.7.6\Editor\VisualScripting.Core\Dependencies\YamlDotNet\Unity.VisualScripting.YamlDotNet.dll
Symbol file LoadedFromMemory is not a mono symbol file
Symbol file LoadedFromMemory doesn't match image C:\01_Develop\01_Unity\01_VFX\VFX-Template\Library\PackageCache\com.unity.visualscripting@1.7.6\Editor\VisualScripting.Core\Dependencies\DotNetZip\Unity.VisualScripting.IonicZip.dll
Native extension for WindowsStandalone target not found
Refreshing native plugins compatible for Editor in 84.74 ms, found 3 plugins.
Preloading 0 native plugins for Editor in 0.00 ms.
Mono: successfully reloaded assembly
- Completed reload, in  0.877 seconds
Domain Reload Profiling:
	ReloadAssembly (877ms)
		BeginReloadAssembly (67ms)
			ExecutionOrderSort (0ms)
			DisableScriptedObjects (3ms)
			BackupInstance (0ms)
			ReleaseScriptingObjects (0ms)
			CreateAndSetChildDomain (12ms)
		EndReloadAssembly (731ms)
			LoadAssemblies (61ms)
			RebuildTransferFunctionScriptingTraits (0ms)
			SetupTypeCache (181ms)
			ReleaseScriptCaches (0ms)
			RebuildScriptCaches (55ms)
			SetupLoadedEditorAssemblies (404ms)
				LogAssemblyErrors (0ms)
				InitializePlatformSupportModulesInManaged (3ms)
				SetLoadedEditorAssemblies (0ms)
				RefreshPlugins (85ms)
				BeforeProcessingInitializeOnLoad (72ms)
				ProcessInitializeOnLoadAttributes (214ms)
				ProcessInitializeOnLoadMethodAttributes (28ms)
				AfterProcessingInitializeOnLoad (3ms)
				EditorAssembliesLoaded (0ms)
			ExecutionOrderSort2 (0ms)
			AwakeInstancesAfterBackupRestoration (4ms)
Platform modules already initialized, skipping
========================================================================
Worker process is ready to serve import requests
Launched and connected shader compiler UnityShaderCompiler.exe after 0.03 seconds
Refreshing native plugins compatible for Editor in 0.71 ms, found 3 plugins.
Preloading 0 native plugins for Editor in 0.00 ms.
Unloading 6123 Unused Serialized files (Serialized files now loaded: 0)
Unloading 63 unused Assets / (3.8 MB). Loaded Objects now: 6557.
Memory consumption went from 275.4 MB to 271.6 MB.
Total: 3.027600 ms (FindLiveObjects: 0.308100 ms CreateObjectMapping: 0.189600 ms MarkObjects: 2.096000 ms  DeleteObjects: 0.433300 ms)

AssetImportParameters requested are different than current active one (requested -> active):
  custom:video-decoder-ogg-theora: a1e56fd34408186e4bbccfd4996cb3dc -> 
  custom:container-muxer-webm: aa71ff27fc2769a1b78a27578f13a17b -> 
  custom:container-demuxer-webm: 4f35f7cbe854078d1ac9338744f61a02 -> 
  custom:video-encoder-webm-vp8: eb34c28f22e8b96e1ab97ce403110664 -> 
  custom:audio-encoder-webm-vorbis: bf7c407c2cedff20999df2af8eb42d56 -> 
  custom:framework-win-MediaFoundation: 216162199b28c13a410421893ffa2e32 -> 
  custom:container-demuxer-ogg: 62fdf1f143b41e24485cea50d1cbac27 -> 
  custom:video-decoder-webm-vp8: 9c59270c3fd7afecdb556c50c9e8de78 -> 
  custom:audio-decoder-ogg-vorbis: bf7c407c2cedff20999df2af8eb42d56 -> 
========================================================================
Received Import Request.
  Time since last request: 469.187768 seconds.
  path: Assets/SubGraph
  artifactKey: Guid(3f90c2ff778debb4fbba48ad5e5fc068) Importer(815301076,1909f56bfc062723c751e8b465ee728b)
Start importing Assets/SubGraph using Guid(3f90c2ff778debb4fbba48ad5e5fc068) Importer(815301076,1909f56bfc062723c751e8b465ee728b)  -> (artifact id: '1dadc93766d997460936b2702149e97a') in 0.009756 seconds 
========================================================================
Received Import Request.
  Time since last request: 44.083777 seconds.
  path: Assets/VFX/FX_Default.vfx
  artifactKey: Guid(8394b6b40cc04314cb61dfb56002ec2d) Importer(815301076,1909f56bfc062723c751e8b465ee728b)
Start importing Assets/VFX/FX_Default.vfx using Guid(8394b6b40cc04314cb61dfb56002ec2d) Importer(815301076,1909f56bfc062723c751e8b465ee728b)  -> (artifact id: 'cb1b6e6ecd7065c8f3d3560f6da08a02') in 0.652724 seconds 
========================================================================
Received Import Request.
  Time since last request: 12.444238 seconds.
  path: Assets/VFX/FX_Default.vfx
  artifactKey: Guid(8394b6b40cc04314cb61dfb56002ec2d) Importer(815301076,1909f56bfc062723c751e8b465ee728b)
Start importing Assets/VFX/FX_Default.vfx using Guid(8394b6b40cc04314cb61dfb56002ec2d) Importer(815301076,1909f56bfc062723c751e8b465ee728b)  -> (artifact id: '785a5b83c51f9a32c52320f20b459e55') in 0.012165 seconds 
========================================================================
Received Import Request.
  Time since last request: 39.682254 seconds.
  path: Assets/VFX/FX_Default.vfx
  artifactKey: Guid(8394b6b40cc04314cb61dfb56002ec2d) Importer(815301076,1909f56bfc062723c751e8b465ee728b)
Start importing Assets/VFX/FX_Default.vfx using Guid(8394b6b40cc04314cb61dfb56002ec2d) Importer(815301076,1909f56bfc062723c751e8b465ee728b)  -> (artifact id: '28174482039e4ba634ef7d6e586b1ed1') in 0.015117 seconds 
========================================================================
Received Import Request.
  Time since last request: 6.470232 seconds.
  path: Assets/VFX/FX_Default.vfx
  artifactKey: Guid(8394b6b40cc04314cb61dfb56002ec2d) Importer(815301076,1909f56bfc062723c751e8b465ee728b)
Start importing Assets/VFX/FX_Default.vfx using Guid(8394b6b40cc04314cb61dfb56002ec2d) Importer(815301076,1909f56bfc062723c751e8b465ee728b)  -> (artifact id: 'f5969508b361f8d853d99a72f6374ba6') in 0.012604 seconds 
========================================================================
Received Import Request.
  Time since last request: 3.488817 seconds.
  path: Assets/VFX/FX_Default.vfx
  artifactKey: Guid(8394b6b40cc04314cb61dfb56002ec2d) Importer(815301076,1909f56bfc062723c751e8b465ee728b)
Start importing Assets/VFX/FX_Default.vfx using Guid(8394b6b40cc04314cb61dfb56002ec2d) Importer(815301076,1909f56bfc062723c751e8b465ee728b)  -> (artifact id: '902b220eb015927a1d709a57f682782e') in 0.014131 seconds 
========================================================================
Received Import Request.
  Time since last request: 60.822540 seconds.
  path: Assets/VFX/FX_Default.vfx
  artifactKey: Guid(8394b6b40cc04314cb61dfb56002ec2d) Importer(815301076,1909f56bfc062723c751e8b465ee728b)
Start importing Assets/VFX/FX_Default.vfx using Guid(8394b6b40cc04314cb61dfb56002ec2d) Importer(815301076,1909f56bfc062723c751e8b465ee728b)  -> (artifact id: 'a256a85ff73849bfe6a6d3c0edba66e8') in 0.013663 seconds 
========================================================================
Received Import Request.
  Time since last request: 43.659705 seconds.
  path: Assets/VFX/FX_Default.vfx
  artifactKey: Guid(8394b6b40cc04314cb61dfb56002ec2d) Importer(815301076,1909f56bfc062723c751e8b465ee728b)
Start importing Assets/VFX/FX_Default.vfx using Guid(8394b6b40cc04314cb61dfb56002ec2d) Importer(815301076,1909f56bfc062723c751e8b465ee728b)  -> (artifact id: '9fe1713379a2d63431598518e6d8775f') in 0.017556 seconds 
========================================================================
Received Import Request.
  Time since last request: 3.403078 seconds.
  path: Assets/VFX/FX_Default.vfx
  artifactKey: Guid(8394b6b40cc04314cb61dfb56002ec2d) Importer(815301076,1909f56bfc062723c751e8b465ee728b)
Start importing Assets/VFX/FX_Default.vfx using Guid(8394b6b40cc04314cb61dfb56002ec2d) Importer(815301076,1909f56bfc062723c751e8b465ee728b)  -> (artifact id: '804ee3ea74b42dac28d68d87f27c9404') in 0.011789 seconds 
========================================================================
Received Import Request.
  Time since last request: 17.898247 seconds.
  path: Assets/VFX/FX_Default.vfx
  artifactKey: Guid(8394b6b40cc04314cb61dfb56002ec2d) Importer(815301076,1909f56bfc062723c751e8b465ee728b)
Start importing Assets/VFX/FX_Default.vfx using Guid(8394b6b40cc04314cb61dfb56002ec2d) Importer(815301076,1909f56bfc062723c751e8b465ee728b)  -> (artifact id: '1101c35d3b5abc97e74ea5b981d68ba9') in 0.012485 seconds 
========================================================================
Received Import Request.
  Time since last request: 1.599930 seconds.
  path: Assets/VFX/FX_Default.vfx
  artifactKey: Guid(8394b6b40cc04314cb61dfb56002ec2d) Importer(815301076,1909f56bfc062723c751e8b465ee728b)
Start importing Assets/VFX/FX_Default.vfx using Guid(8394b6b40cc04314cb61dfb56002ec2d) Importer(815301076,1909f56bfc062723c751e8b465ee728b)  -> (artifact id: '02aaf9781451db98e1faa25a9318350f') in 0.014087 seconds 
========================================================================
Received Import Request.
  Time since last request: 15.075209 seconds.
  path: Assets/VFX/FX_Default.vfx
  artifactKey: Guid(8394b6b40cc04314cb61dfb56002ec2d) Importer(815301076,1909f56bfc062723c751e8b465ee728b)
Start importing Assets/VFX/FX_Default.vfx using Guid(8394b6b40cc04314cb61dfb56002ec2d) Importer(815301076,1909f56bfc062723c751e8b465ee728b)  -> (artifact id: '7e7d62b4c1333de882f401a226ccefe7') in 0.012922 seconds 
========================================================================
Received Import Request.
  Time since last request: 277.222460 seconds.
  path: Assets/VFX/FX_Default.vfx
  artifactKey: Guid(8394b6b40cc04314cb61dfb56002ec2d) Importer(815301076,1909f56bfc062723c751e8b465ee728b)
Start importing Assets/VFX/FX_Default.vfx using Guid(8394b6b40cc04314cb61dfb56002ec2d) Importer(815301076,1909f56bfc062723c751e8b465ee728b)  -> (artifact id: '68fa4eed7e227f7663ebdcf2769317ea') in 0.016521 seconds 
========================================================================
Received Import Request.
  Time since last request: 35.636283 seconds.
  path: Assets/VFX/FX_Default.vfx
  artifactKey: Guid(8394b6b40cc04314cb61dfb56002ec2d) Importer(815301076,1909f56bfc062723c751e8b465ee728b)
Start importing Assets/VFX/FX_Default.vfx using Guid(8394b6b40cc04314cb61dfb56002ec2d) Importer(815301076,1909f56bfc062723c751e8b465ee728b)  -> (artifact id: '169f7d29260f5e80ea27e8894203c4ee') in 0.015804 seconds 
========================================================================
Received Import Request.
  Time since last request: 23.186342 seconds.
  path: Assets/VFX/FX_Default.vfx
  artifactKey: Guid(8394b6b40cc04314cb61dfb56002ec2d) Importer(815301076,1909f56bfc062723c751e8b465ee728b)
Start importing Assets/VFX/FX_Default.vfx using Guid(8394b6b40cc04314cb61dfb56002ec2d) Importer(815301076,1909f56bfc062723c751e8b465ee728b)  -> (artifact id: '727898ef1734ad39429fa7f3eb805576') in 0.013471 seconds 
========================================================================
Received Import Request.
  Time since last request: 20.234301 seconds.
  path: Assets/VFX/FX_Default.vfx
  artifactKey: Guid(8394b6b40cc04314cb61dfb56002ec2d) Importer(815301076,1909f56bfc062723c751e8b465ee728b)
Start importing Assets/VFX/FX_Default.vfx using Guid(8394b6b40cc04314cb61dfb56002ec2d) Importer(815301076,1909f56bfc062723c751e8b465ee728b)  -> (artifact id: '6ebff81fde40f935d871d52de2dd30f2') in 0.012042 seconds 
========================================================================
Received Import Request.
  Time since last request: 33.897897 seconds.
  path: Assets/VFX/FX_Default.vfx
  artifactKey: Guid(8394b6b40cc04314cb61dfb56002ec2d) Importer(815301076,1909f56bfc062723c751e8b465ee728b)
Start importing Assets/VFX/FX_Default.vfx using Guid(8394b6b40cc04314cb61dfb56002ec2d) Importer(815301076,1909f56bfc062723c751e8b465ee728b)  -> (artifact id: '20db8c8d5064322b2e1ee03ab43bb6af') in 0.011230 seconds 
========================================================================
Received Import Request.
  Time since last request: 42.035818 seconds.
  path: Assets/VFX/FX_Default.vfx
  artifactKey: Guid(8394b6b40cc04314cb61dfb56002ec2d) Importer(815301076,1909f56bfc062723c751e8b465ee728b)
Start importing Assets/VFX/FX_Default.vfx using Guid(8394b6b40cc04314cb61dfb56002ec2d) Importer(815301076,1909f56bfc062723c751e8b465ee728b)  -> (artifact id: 'd06b6a8caa810b36c1f2c8e7ce8db2c0') in 0.014882 seconds 
========================================================================
Received Import Request.
  Time since last request: 31.705301 seconds.
  path: Assets/VFX/FX_Default.vfx
  artifactKey: Guid(8394b6b40cc04314cb61dfb56002ec2d) Importer(815301076,1909f56bfc062723c751e8b465ee728b)
Start importing Assets/VFX/FX_Default.vfx using Guid(8394b6b40cc04314cb61dfb56002ec2d) Importer(815301076,1909f56bfc062723c751e8b465ee728b)  -> (artifact id: 'd916780b275432f3fd3ff98a8d3d1d44') in 0.012282 seconds 
========================================================================
Received Import Request.
  Time since last request: 39.809058 seconds.
  path: Assets/VFX/FX_Default.vfx
  artifactKey: Guid(8394b6b40cc04314cb61dfb56002ec2d) Importer(815301076,1909f56bfc062723c751e8b465ee728b)
Start importing Assets/VFX/FX_Default.vfx using Guid(8394b6b40cc04314cb61dfb56002ec2d) Importer(815301076,1909f56bfc062723c751e8b465ee728b)  -> (artifact id: 'a0e7b519b24bdf5925ffe9647363aa4c') in 0.011559 seconds 
